<?xml version="1.0" encoding="UTF-8"?>
<!-- Generated by org.testng.reporters.JUnitXMLReporter -->
<testsuite hostname="DESKTOP-UFUCKT0" ignored="0" name="Default test" tests="2" failures="0" timestamp="2020-03-22T14:51:15 IST" time="16.479" errors="0">
  <testcase name="@BeforeMethod browseropen" time="16.351" classname="HybridseleniumBase.HybridProjectSpecificMethods">
    <failure type="org.openqa.selenium.SessionNotCreatedException" message="session not created
from chrome not reachable
  (Session info: chrome=79.0.3945.88)
Build info: version: &amp;apos;3.141.59&amp;apos;, revision: &amp;apos;e82be7d358&amp;apos;, time: &amp;apos;2018-11-14T08:17:03&amp;apos;
System info: host: &amp;apos;DESKTOP-UFUCKT0&amp;apos;, ip: &amp;apos;192.168.42.193&amp;apos;, os.name: &amp;apos;Windows 8.1&amp;apos;, os.arch: &amp;apos;x86&amp;apos;, os.version: &amp;apos;6.3&amp;apos;, java.version: &amp;apos;1.8.0&amp;apos;
Driver info: driver.version: ChromeDriver
remote stacktrace: Backtrace:
	Ordinal0 [0x00FFA113+1548563]
	Ordinal0 [0x00F7DDA1+1039777]
	Ordinal0 [0x00EFE32E+516910]
	Ordinal0 [0x00EF8012+491538]
	Ordinal0 [0x00EF86EB+493291]
	Ordinal0 [0x00EF9855+497749]
	Ordinal0 [0x00EF5885+481413]
	Ordinal0 [0x00EFF0D0+520400]
	Ordinal0 [0x00EAC030+180272]
	Ordinal0 [0x00EAB59D+177565]
	Ordinal0 [0x00EA95FB+169467]
	Ordinal0 [0x00E9160A+71178]
	Ordinal0 [0x00E92690+75408]
	Ordinal0 [0x00E92629+75305]
	Ordinal0 [0x00F971B7+1143223]
	GetHandleVerifier [0x01092B46+507814]
	GetHandleVerifier [0x01092864+507076]
	GetHandleVerifier [0x01099F47+537511]
	GetHandleVerifier [0x01093402+510050]
	Ordinal0 [0x00F8F29C+1110684]
	Ordinal0 [0x00F9938B+1151883]
	Ordinal0 [0x00F994F3+1152243]
	Ordinal0 [0x00F983F5+1147893]
	BaseThreadInitThunk [0x76186359+25]
	RtlGetAppContainerNamedObjectPath [0x776F7B74+228]
	RtlGetAppContainerNamedObjectPath [0x776F7B44+180]
">
      <![CDATA[org.openqa.selenium.SessionNotCreatedException: session not created
from chrome not reachable
  (Session info: chrome=79.0.3945.88)
Build info: version: '3.141.59', revision: 'e82be7d358', time: '2018-11-14T08:17:03'
System info: host: 'DESKTOP-UFUCKT0', ip: '192.168.42.193', os.name: 'Windows 8.1', os.arch: 'x86', os.version: '6.3', java.version: '1.8.0'
Driver info: driver.version: ChromeDriver
remote stacktrace: Backtrace:
Ordinal0 [0x00FFA113+1548563]
Ordinal0 [0x00F7DDA1+1039777]
Ordinal0 [0x00EFE32E+516910]
Ordinal0 [0x00EF8012+491538]
Ordinal0 [0x00EF86EB+493291]
Ordinal0 [0x00EF9855+497749]
Ordinal0 [0x00EF5885+481413]
Ordinal0 [0x00EFF0D0+520400]
Ordinal0 [0x00EAC030+180272]
Ordinal0 [0x00EAB59D+177565]
Ordinal0 [0x00EA95FB+169467]
Ordinal0 [0x00E9160A+71178]
Ordinal0 [0x00E92690+75408]
Ordinal0 [0x00E92629+75305]
Ordinal0 [0x00F971B7+1143223]
GetHandleVerifier [0x01092B46+507814]
GetHandleVerifier [0x01092864+507076]
GetHandleVerifier [0x01099F47+537511]
GetHandleVerifier [0x01093402+510050]
Ordinal0 [0x00F8F29C+1110684]
Ordinal0 [0x00F9938B+1151883]
Ordinal0 [0x00F994F3+1152243]
Ordinal0 [0x00F983F5+1147893]
BaseThreadInitThunk [0x76186359+25]
RtlGetAppContainerNamedObjectPath [0x776F7B74+228]
RtlGetAppContainerNamedObjectPath [0x776F7B44+180]

at sun.reflect.NativeConstructorAccessorImpl.newInstance0(Native Method)
at sun.reflect.NativeConstructorAccessorImpl.newInstance(Unknown Source)
at sun.reflect.DelegatingConstructorAccessorImpl.newInstance(Unknown Source)
at java.lang.reflect.Constructor.newInstance(Unknown Source)
at org.openqa.selenium.remote.W3CHandshakeResponse.lambda$errorHandler$0(W3CHandshakeResponse.java:62)
at org.openqa.selenium.remote.W3CHandshakeResponse$$Lambda$240/21849810.apply(Unknown Source)
at org.openqa.selenium.remote.HandshakeResponse.lambda$getResponseFunction$0(HandshakeResponse.java:30)
at org.openqa.selenium.remote.HandshakeResponse$$Lambda$235/8331024.apply(Unknown Source)
at org.openqa.selenium.remote.ProtocolHandshake.lambda$createSession$0(ProtocolHandshake.java:126)
at org.openqa.selenium.remote.ProtocolHandshake$$Lambda$236/14268424.apply(Unknown Source)
at java.util.stream.ReferencePipeline$3$1.accept(Unknown Source)
at java.util.Spliterators$ArraySpliterator.tryAdvance(Unknown Source)
at java.util.stream.ReferencePipeline.forEachWithCancel(Unknown Source)
at java.util.stream.AbstractPipeline.copyIntoWithCancel(Unknown Source)
at java.util.stream.AbstractPipeline.copyInto(Unknown Source)
at java.util.stream.AbstractPipeline.wrapAndCopyInto(Unknown Source)
at java.util.stream.FindOps$FindOp.evaluateSequential(Unknown Source)
at java.util.stream.AbstractPipeline.evaluate(Unknown Source)
at java.util.stream.ReferencePipeline.findFirst(Unknown Source)
at org.openqa.selenium.remote.ProtocolHandshake.createSession(ProtocolHandshake.java:128)
at org.openqa.selenium.remote.ProtocolHandshake.createSession(ProtocolHandshake.java:74)
at org.openqa.selenium.remote.HttpCommandExecutor.execute(HttpCommandExecutor.java:136)
at org.openqa.selenium.remote.service.DriverCommandExecutor.execute(DriverCommandExecutor.java:83)
at org.openqa.selenium.remote.RemoteWebDriver.execute(RemoteWebDriver.java:552)
at org.openqa.selenium.remote.RemoteWebDriver.startSession(RemoteWebDriver.java:213)
at org.openqa.selenium.remote.RemoteWebDriver.<init>(RemoteWebDriver.java:131)
at org.openqa.selenium.chrome.ChromeDriver.<init>(ChromeDriver.java:181)
at org.openqa.selenium.chrome.ChromeDriver.<init>(ChromeDriver.java:168)
at org.openqa.selenium.chrome.ChromeDriver.<init>(ChromeDriver.java:123)
at HybridseleniumBase.HybridProjectSpecificMethods.browseropen(HybridProjectSpecificMethods.java:25)
at sun.reflect.NativeMethodAccessorImpl.invoke0(Native Method)
at sun.reflect.NativeMethodAccessorImpl.invoke(Unknown Source)
at sun.reflect.DelegatingMethodAccessorImpl.invoke(Unknown Source)
at java.lang.reflect.Method.invoke(Unknown Source)
at org.testng.internal.MethodInvocationHelper.invokeMethod(MethodInvocationHelper.java:133)
at org.testng.internal.MethodInvocationHelper.invokeMethodConsideringTimeout(MethodInvocationHelper.java:62)
at org.testng.internal.ConfigInvoker.invokeConfigurationMethod(ConfigInvoker.java:340)
at org.testng.internal.ConfigInvoker.invokeConfigurations(ConfigInvoker.java:294)
at org.testng.internal.TestInvoker.runConfigMethods(TestInvoker.java:683)
at org.testng.internal.TestInvoker.invokeMethod(TestInvoker.java:510)
at org.testng.internal.TestInvoker.invokeTestMethod(TestInvoker.java:172)
at org.testng.internal.MethodRunner.runInSequence(MethodRunner.java:46)
at org.testng.internal.TestInvoker$MethodInvocationAgent.invoke(TestInvoker.java:804)
at org.testng.internal.TestInvoker.invokeTestMethods(TestInvoker.java:145)
at org.testng.internal.TestMethodWorker.invokeTestMethods(TestMethodWorker.java:146)
at org.testng.internal.TestMethodWorker.run(TestMethodWorker.java:128)
at org.testng.TestRunner$$Lambda$45/776985.accept(Unknown Source)
at java.util.ArrayList.forEach(Unknown Source)
at org.testng.TestRunner.privateRun(TestRunner.java:770)
at org.testng.TestRunner.run(TestRunner.java:591)
at org.testng.SuiteRunner.runTest(SuiteRunner.java:402)
at org.testng.SuiteRunner.runSequentially(SuiteRunner.java:396)
at org.testng.SuiteRunner.privateRun(SuiteRunner.java:355)
at org.testng.SuiteRunner.run(SuiteRunner.java:304)
at org.testng.SuiteRunnerWorker.runSuite(SuiteRunnerWorker.java:53)
at org.testng.SuiteRunnerWorker.run(SuiteRunnerWorker.java:96)
at org.testng.TestNG.runSuitesSequentially(TestNG.java:1180)
at org.testng.TestNG.runSuitesLocally(TestNG.java:1102)
at org.testng.TestNG.runSuites(TestNG.java:1032)
at org.testng.TestNG.run(TestNG.java:1000)
at org.testng.remote.AbstractRemoteTestNG.run(AbstractRemoteTestNG.java:115)
at org.testng.remote.RemoteTestNG.initAndRun(RemoteTestNG.java:251)
at org.testng.remote.RemoteTestNG.main(RemoteTestNG.java:77)
]]>
    </failure>
  </testcase> <!-- @BeforeMethod browseropen -->
  <testcase name="@AfterMethod closeBrowser" time="-1.584868875804E9" classname="HybridseleniumBase.HybridProjectSpecificMethods">
    <skipped/>
  </testcase> <!-- @AfterMethod closeBrowser -->
  <testcase name="@BeforeMethod browseropen" time="-1.58486887581E9" classname="HybridseleniumBase.HybridProjectSpecificMethods">
    <skipped/>
  </testcase> <!-- @BeforeMethod browseropen -->
  <testcase name="@AfterMethod closeBrowser" time="-1.584868875826E9" classname="HybridseleniumBase.HybridProjectSpecificMethods">
    <skipped/>
  </testcase> <!-- @AfterMethod closeBrowser -->
  <testcase name="CreateLead_TC" time="0.0" classname="Hybridtestcases.Hybrid_TC001_CreateLead">
    <skipped/>
  </testcase> <!-- CreateLead_TC -->
  <testcase name="CreateLead_TC" time="0.0" classname="Hybridtestcases.Hybrid_TC001_CreateLead">
    <skipped/>
  </testcase> <!-- CreateLead_TC -->
</testsuite> <!-- Default test -->
